[debug] [2021-10-22T22:34:16.096Z] ----------------------------------------------------------------------
[debug] [2021-10-22T22:34:16.099Z] Command:       /home/joblyn/.nvm/versions/node/v15.0.0/bin/node /usr/local/bin/firebase deploy
[debug] [2021-10-22T22:34:16.099Z] CLI Version:   9.10.0
[debug] [2021-10-22T22:34:16.100Z] Platform:      linux
[debug] [2021-10-22T22:34:16.100Z] Node Version:  v15.0.0
[debug] [2021-10-22T22:34:16.212Z] Time:          Fri Oct 22 2021 23:34:16 GMT+0100 (West Africa Standard Time)
[debug] [2021-10-22T22:34:16.213Z] ----------------------------------------------------------------------
[debug] 
[debug] [2021-10-22T22:34:16.300Z] > command requires scopes: ["email","openid","https://www.googleapis.com/auth/cloudplatformprojects.readonly","https://www.googleapis.com/auth/firebase","https://www.googleapis.com/auth/cloud-platform"]
[debug] [2021-10-22T22:34:16.301Z] > authorizing via signed-in user (oaikhenahjob@gmail.com)
[debug] [2021-10-22T22:34:16.301Z] [iam] checking project exowem-e932d for permissions ["firebase.projects.get","firebasehosting.sites.update"]
[debug] [2021-10-22T22:34:16.314Z] > refreshing access token with scopes: ["email","https://www.googleapis.com/auth/cloud-platform","https://www.googleapis.com/auth/cloudplatformprojects.readonly","https://www.googleapis.com/auth/firebase","openid"]
[debug] [2021-10-22T22:34:16.315Z] >>> HTTP REQUEST POST https://www.googleapis.com/oauth2/v3/token  
 <request body omitted>
[debug] [2021-10-22T22:34:16.645Z] [iam] error while checking permissions, command may fail: FirebaseError: Authentication Error: Your credentials are no longer valid. Please run firebase login --reauth

For CI servers and headless environments, generate a new token with firebase login:ci
[debug] [2021-10-22T22:34:16.647Z] > refreshing access token with scopes: []
[debug] [2021-10-22T22:34:16.647Z] >>> HTTP REQUEST POST https://www.googleapis.com/oauth2/v3/token  
 <request body omitted>
[debug] [2021-10-22T22:34:16.651Z] Authentication Error: Your credentials are no longer valid. Please run firebase login --reauth

For CI servers and headless environments, generate a new token with firebase login:ci
[debug] [2021-10-22T22:34:16.662Z] FirebaseError: Authentication Error: Your credentials are no longer valid. Please run firebase login --reauth

For CI servers and headless environments, generate a new token with firebase login:ci
    at invalidCredentialError (/usr/local/lib/node_modules/firebase-tools/lib/auth.js:141:12)
    at refreshTokens (/usr/local/lib/node_modules/firebase-tools/lib/auth.js:450:15)
    at processTicksAndRejections (node:internal/process/task_queues:93:5)
    at async Client.getAccessToken (/usr/local/lib/node_modules/firebase-tools/lib/apiv2.js:144:23)
    at async Client.addAuthHeader (/usr/local/lib/node_modules/firebase-tools/lib/apiv2.js:135:21)
    at async Client.request (/usr/local/lib/node_modules/firebase-tools/lib/apiv2.js:93:34)
    at async Object.getFirebaseProject (/usr/local/lib/node_modules/firebase-tools/lib/management/projects.js:290:21)
    at async Object.getDefaultHostingSite (/usr/local/lib/node_modules/firebase-tools/lib/getDefaultHostingSite.js:8:21)
    at async requireHostingSite (/usr/local/lib/node_modules/firebase-tools/lib/requireHostingSite.js:9:18)
    at async Object.fn (/usr/local/lib/node_modules/firebase-tools/lib/commands/deploy.js:66:9)
    at async /usr/local/lib/node_modules/firebase-tools/lib/command.js:169:17
[error] 
[error] Error: Failed to get Firebase project exowem-e932d. Please make sure the project exists and your account has permission to access it.
